<?xml version="1.0" encoding="UTF-8"?>
<testng-results skipped="0" failed="0" ignored="0" total="2" passed="2">
  <reporter-output>
  </reporter-output>
  <suite name="Default suite" duration-ms="1625" started-at="2022-07-25T16:06:14 ICT" finished-at="2022-07-25T16:06:16 ICT">
    <groups>
    </groups>
    <test name="Default test" duration-ms="1625" started-at="2022-07-25T16:06:14 ICT" finished-at="2022-07-25T16:06:16 ICT">
      <class name="testCases.TC_VideoGameAPI">
        <test-method status="PASS" signature="test_getAllVideoGames()[pri:1, instance:testCases.TC_VideoGameAPI@396f6598]" name="test_getAllVideoGames" duration-ms="1318" started-at="2022-07-25T16:06:14 ICT" finished-at="2022-07-25T16:06:15 ICT">
          <reporter-output>
          </reporter-output>
        </test-method> <!-- test_getAllVideoGames -->
        <test-method status="PASS" signature="test_addNewVideoGame()[pri:2, instance:testCases.TC_VideoGameAPI@396f6598]" name="test_addNewVideoGame" duration-ms="268" started-at="2022-07-25T16:06:15 ICT" finished-at="2022-07-25T16:06:16 ICT">
          <reporter-output>
          </reporter-output>
        </test-method> <!-- test_addNewVideoGame -->
      </class> <!-- testCases.TC_VideoGameAPI -->
    </test> <!-- Default test -->
  </suite> <!-- Default suite -->
</testng-results>
